# JRE version: OpenJDK Runtime Environment (8.0_242-b01) (build 1.8.0_242-release-1644-b01)
# Java VM: OpenJDK 64-Bit Server VM (25.242-b01 mixed mode windows-amd64 compressed oops)
Heap:
 PSYoungGen      total 206848K, used 39139K [0x00000000d5580000, 0x00000000e4000000, 0x0000000100000000)
  eden space 193024K, 13% used [0x00000000d5580000,0x00000000d6e42c08,0x00000000e1200000)
  from space 13824K, 99% used [0x00000000e3280000,0x00000000e3ff6070,0x00000000e4000000)
  to   space 17408K, 0% used [0x00000000e1e00000,0x00000000e1e00000,0x00000000e2f00000)
 ParOldGen       total 81408K, used 32410K [0x0000000080000000, 0x0000000084f80000, 0x00000000d5580000)
  object space 81408K, 39% used [0x0000000080000000,0x0000000081fa69d8,0x0000000084f80000)
 Metaspace       used 63369K, capacity 66260K, committed 66392K, reserved 1105920K
  class space    used 8725K, capacity 9251K, committed 9344K, reserved 1048576K
GC Heap History (10 events):
Event: 37.401 GC heap before
{Heap before GC invocations=15 (full 2):
 PSYoungGen      total 118784K, used 109568K [0x00000000d5580000, 0x00000000de480000, 0x0000000100000000)
  eden space 109568K, 100% used [0x00000000d5580000,0x00000000dc080000,0x00000000dc080000)
  from space 9216K, 0% used [0x00000000dc980000,0x00000000dc980000,0x00000000dd280000)
  to   space 9216K, 0% used [0x00000000dc080000,0x00000000dc080000,0x00000000dc980000)
 ParOldGen       total 50176K, used 13736K [0x0000000080000000, 0x0000000083100000, 0x00000000d5580000)
  object space 50176K, 27% used [0x0000000080000000,0x0000000080d6a3b8,0x0000000083100000)
 Metaspace       used 38594K, capacity 40278K, committed 40536K, reserved 1083392K
  class space    used 5308K, capacity 5667K, committed 5760K, reserved 1048576K
Event: 37.428 GC heap after
Heap after GC invocations=15 (full 2):
 PSYoungGen      total 118784K, used 9004K [0x00000000d5580000, 0x00000000df600000, 0x0000000100000000)
  eden space 109568K, 0% used [0x00000000d5580000,0x00000000d5580000,0x00000000dc080000)
  from space 9216K, 97% used [0x00000000dc080000,0x00000000dc94b3f0,0x00000000dc980000)
  to   space 10752K, 0% used [0x00000000deb80000,0x00000000deb80000,0x00000000df600000)
 ParOldGen       total 50176K, used 13744K [0x0000000080000000, 0x0000000083100000, 0x00000000d5580000)
  object space 50176K, 27% used [0x0000000080000000,0x0000000080d6c3b8,0x0000000083100000)
 Metaspace       used 38594K, capacity 40278K, committed 40536K, reserved 1083392K
  class space    used 5308K, capacity 5667K, committed 5760K, reserved 1048576K
}
Event: 47.433 GC heap before
{Heap before GC invocations=16 (full 2):
 PSYoungGen      total 118784K, used 118572K [0x00000000d5580000, 0x00000000df600000, 0x0000000100000000)
  eden space 109568K, 100% used [0x00000000d5580000,0x00000000dc080000,0x00000000dc080000)
  from space 9216K, 97% used [0x00000000dc080000,0x00000000dc94b3f0,0x00000000dc980000)
  to   space 10752K, 0% used [0x00000000deb80000,0x00000000deb80000,0x00000000df600000)
 ParOldGen       total 50176K, used 13744K [0x0000000080000000, 0x0000000083100000, 0x00000000d5580000)
  object space 50176K, 27% used [0x0000000080000000,0x0000000080d6c3b8,0x0000000083100000)
 Metaspace       used 50568K, capacity 52486K, committed 52696K, reserved 1095680K
  class space    used 6748K, capacity 7127K, committed 7168K, reserved 1048576K
Event: 47.548 GC heap after
Heap after GC invocations=16 (full 2):
 PSYoungGen      total 149504K, used 10746K [0x00000000d5580000, 0x00000000e0000000, 0x0000000100000000)
  eden space 138752K, 0% used [0x00000000d5580000,0x00000000d5580000,0x00000000ddd00000)
  from space 10752K, 99% used [0x00000000deb80000,0x00000000df5fe830,0x00000000df600000)
  to   space 14848K, 0% used [0x00000000ddd00000,0x00000000ddd00000,0x00000000deb80000)
 ParOldGen       total 50176K, used 20939K [0x0000000080000000, 0x0000000083100000, 0x00000000d5580000)
  object space 50176K, 41% used [0x0000000080000000,0x0000000081472f70,0x0000000083100000)
 Metaspace       used 50568K, capacity 52486K, committed 52696K, reserved 1095680K
  class space    used 6748K, capacity 7127K, committed 7168K, reserved 1048576K
}
Event: 60.666 GC heap before
{Heap before GC invocations=17 (full 2):
 PSYoungGen      total 149504K, used 95832K [0x00000000d5580000, 0x00000000e0000000, 0x0000000100000000)
  eden space 138752K, 61% used [0x00000000d5580000,0x00000000da897a58,0x00000000ddd00000)
  from space 10752K, 99% used [0x00000000deb80000,0x00000000df5fe830,0x00000000df600000)
  to   space 14848K, 0% used [0x00000000ddd00000,0x00000000ddd00000,0x00000000deb80000)
 ParOldGen       total 50176K, used 20939K [0x0000000080000000, 0x0000000083100000, 0x00000000d5580000)
  object space 50176K, 41% used [0x0000000080000000,0x0000000081472f70,0x0000000083100000)
 Metaspace       used 56525K, capacity 58812K, committed 58968K, reserved 1099776K
  class space    used 7721K, capacity 8197K, committed 8320K, reserved 1048576K
Event: 63.134 GC heap after
Heap after GC invocations=17 (full 2):
 PSYoungGen      total 153600K, used 10390K [0x00000000d5580000, 0x00000000e4200000, 0x0000000100000000)
  eden space 138752K, 0% used [0x00000000d5580000,0x00000000d5580000,0x00000000ddd00000)
  from space 14848K, 69% used [0x00000000ddd00000,0x00000000de725a08,0x00000000deb80000)
  to   space 15872K, 0% used [0x00000000e3280000,0x00000000e3280000,0x00000000e4200000)
 ParOldGen       total 50176K, used 27300K [0x0000000080000000, 0x0000000083100000, 0x00000000d5580000)
  object space 50176K, 54% used [0x0000000080000000,0x0000000081aa9148,0x0000000083100000)
 Metaspace       used 56525K, capacity 58812K, committed 58968K, reserved 1099776K
  class space    used 7721K, capacity 8197K, committed 8320K, reserved 1048576K
}
Event: 63.134 GC heap before
{Heap before GC invocations=18 (full 3):
 PSYoungGen      total 153600K, used 10390K [0x00000000d5580000, 0x00000000e4200000, 0x0000000100000000)
  eden space 138752K, 0% used [0x00000000d5580000,0x00000000d5580000,0x00000000ddd00000)
  from space 14848K, 69% used [0x00000000ddd00000,0x00000000de725a08,0x00000000deb80000)
  to   space 15872K, 0% used [0x00000000e3280000,0x00000000e3280000,0x00000000e4200000)
 ParOldGen       total 50176K, used 27300K [0x0000000080000000, 0x0000000083100000, 0x00000000d5580000)
  object space 50176K, 54% used [0x0000000080000000,0x0000000081aa9148,0x0000000083100000)
 Metaspace       used 56525K, capacity 58812K, committed 58968K, reserved 1099776K
  class space    used 7721K, capacity 8197K, committed 8320K, reserved 1048576K
Event: 65.978 GC heap after
Heap after GC invocations=18 (full 3):
 PSYoungGen      total 153600K, used 0K [0x00000000d5580000, 0x00000000e4200000, 0x0000000100000000)
  eden space 138752K, 0% used [0x00000000d5580000,0x00000000d5580000,0x00000000ddd00000)
  from space 14848K, 0% used [0x00000000ddd00000,0x00000000ddd00000,0x00000000deb80000)
  to   space 15872K, 0% used [0x00000000e3280000,0x00000000e3280000,0x00000000e4200000)
 ParOldGen       total 81408K, used 32402K [0x0000000080000000, 0x0000000084f80000, 0x00000000d5580000)
  object space 81408K, 39% used [0x0000000080000000,0x0000000081fa49d8,0x0000000084f80000)
 Metaspace       used 56525K, capacity 58812K, committed 58968K, reserved 1099776K
  class space    used 7721K, capacity 8197K, committed 8320K, reserved 1048576K
}
Event: 110.549 GC heap before
{Heap before GC invocations=19 (full 3):
 PSYoungGen      total 153600K, used 138752K [0x00000000d5580000, 0x00000000e4200000, 0x0000000100000000)
  eden space 138752K, 100% used [0x00000000d5580000,0x00000000ddd00000,0x00000000ddd00000)
  from space 14848K, 0% used [0x00000000ddd00000,0x00000000ddd00000,0x00000000deb80000)
  to   space 15872K, 0% used [0x00000000e3280000,0x00000000e3280000,0x00000000e4200000)
 ParOldGen       total 81408K, used 32402K [0x0000000080000000, 0x0000000084f80000, 0x00000000d5580000)
  object space 81408K, 39% used [0x0000000080000000,0x0000000081fa49d8,0x0000000084f80000)
 Metaspace       used 63193K, capacity 66102K, committed 66392K, reserved 1105920K
  class space    used 8717K, capacity 9246K, committed 9344K, reserved 1048576K
Event: 115.681 GC heap after
Heap after GC invocations=19 (full 3):
 PSYoungGen      total 206848K, used 13784K [0x00000000d5580000, 0x00000000e4000000, 0x0000000100000000)
  eden space 193024K, 0% used [0x00000000d5580000,0x00000000d5580000,0x00000000e1200000)
  from space 13824K, 99% used [0x00000000e3280000,0x00000000e3ff6070,0x00000000e4000000)
  to   space 17408K, 0% used [0x00000000e1e00000,0x00000000e1e00000,0x00000000e2f00000)
 ParOldGen       total 81408K, used 32410K [0x0000000080000000, 0x0000000084f80000, 0x00000000d5580000)
  object space 81408K, 39% used [0x0000000080000000,0x0000000081fa69d8,0x0000000084f80000)
 Metaspace       used 63193K, capacity 66102K, committed 66392K, reserved 1105920K
  class space    used 8717K, capacity 9246K, committed 9344K, reserved 1048576K
}

